TN:
SF:src/App.tsx
FN:32,App
FN:35,handleFlavorSelect
FN:39,handleStepNext
FN:43,handleSendMessage
FN:47,handleReset
FN:90,onClick
FNF:6
FNH:2
FNDA:9,App
FNDA:0,handleFlavorSelect
FNDA:0,handleStepNext
FNDA:0,handleSendMessage
FNDA:1,handleReset
FNDA:0,onClick
DA:1,1
DA:2,1
DA:3,1
DA:4,1
DA:5,1
DA:6,1
DA:7,1
DA:8,1
DA:9,1
DA:10,1
DA:11,1
DA:12,1
DA:13,1
DA:14,1
DA:15,1
DA:16,1
DA:17,1
DA:18,1
DA:19,1
DA:20,1
DA:21,1
DA:22,1
DA:23,1
DA:24,1
DA:25,1
DA:26,1
DA:27,1
DA:28,1
DA:29,1
DA:30,1
DA:31,1
DA:32,9
DA:33,9
DA:34,9
DA:35,9
DA:36,0
DA:37,0
DA:38,9
DA:39,9
DA:40,0
DA:41,0
DA:42,9
DA:43,9
DA:44,0
DA:45,0
DA:46,9
DA:47,9
DA:48,1
DA:49,1
DA:50,1
DA:51,9
DA:52,9
DA:53,9
DA:54,9
DA:55,9
DA:56,9
DA:57,9
DA:58,9
DA:59,9
DA:60,9
DA:61,9
DA:62,9
DA:63,9
DA:64,9
DA:65,9
DA:66,9
DA:67,9
DA:68,9
DA:69,9
DA:70,9
DA:71,9
DA:72,9
DA:73,9
DA:74,9
DA:75,9
DA:76,9
DA:77,9
DA:78,9
DA:79,9
DA:80,9
DA:81,9
DA:82,9
DA:83,9
DA:84,9
DA:85,9
DA:86,9
DA:87,45
DA:88,45
DA:89,45
DA:90,45
DA:91,45
DA:92,45
DA:93,45
DA:94,45
DA:95,45
DA:96,9
DA:97,9
DA:98,9
DA:99,9
DA:100,9
DA:101,9
DA:102,9
DA:103,9
DA:104,9
DA:105,9
DA:106,9
DA:107,9
DA:108,9
DA:109,9
DA:110,9
DA:111,9
DA:112,9
DA:113,9
DA:114,9
DA:115,9
DA:116,9
DA:117,9
DA:118,9
DA:119,9
DA:120,9
DA:121,9
DA:122,9
DA:123,9
DA:124,9
DA:125,9
DA:126,9
DA:127,9
DA:128,9
DA:129,9
DA:130,9
DA:131,9
DA:132,9
DA:133,9
DA:134,9
DA:135,9
DA:136,9
DA:137,9
DA:138,9
DA:139,9
DA:140,9
DA:141,9
DA:142,9
DA:143,9
DA:144,1
DA:145,1
LF:145
LH:139
BRDA:32,0,0,9
BRDA:57,1,0,0
BRDA:58,2,0,0
BRDA:111,3,0,0
BRDA:47,4,0,1
BRDA:86,5,0,45
BRDA:91,6,0,0
BRDA:94,7,0,0
BRF:8
BRH:3
end_of_record
TN:
SF:src/main.tsx
FN:1,(empty-report)
FNF:1
FNH:0
FNDA:0,(empty-report)
DA:1,0
DA:2,0
DA:3,0
DA:4,0
DA:5,0
DA:6,0
DA:7,0
DA:8,0
DA:9,0
DA:10,0
LF:10
LH:0
BRDA:1,0,0,0
BRF:1
BRH:0
end_of_record
TN:
SF:src/components/EventLog.tsx
FN:15,EventLog
FNF:1
FNH:1
FNDA:17,EventLog
DA:1,1
DA:2,1
DA:3,1
DA:4,1
DA:5,1
DA:6,1
DA:7,1
DA:8,1
DA:9,1
DA:10,1
DA:11,1
DA:12,1
DA:13,1
DA:14,1
DA:15,1
DA:16,17
DA:17,17
DA:18,17
DA:19,17
DA:20,0
DA:21,0
DA:22,17
DA:23,17
DA:24,17
DA:25,17
DA:26,17
DA:27,17
DA:28,17
DA:29,12
DA:30,5
DA:31,5
DA:32,6
DA:33,6
DA:34,6
DA:35,6
DA:36,6
DA:37,6
DA:38,6
DA:39,6
DA:40,6
DA:41,5
DA:42,17
DA:43,17
DA:44,17
DA:45,17
DA:46,17
DA:47,17
LF:47
LH:45
BRDA:15,0,0,17
BRDA:28,1,0,12
BRDA:29,2,0,5
BRDA:18,3,0,17
BRDA:19,4,0,0
BRDA:31,5,0,6
BRDA:38,6,0,1
BRDA:38,7,0,5
BRF:8
BRH:7
end_of_record
TN:
SF:src/components/FlavorSelector.tsx
FN:17,FlavorSelector
FN:24,onChange
FNF:2
FNH:2
FNDA:15,FlavorSelector
FNDA:1,onChange
DA:1,1
DA:2,1
DA:3,1
DA:4,1
DA:5,1
DA:6,1
DA:7,1
DA:8,1
DA:9,1
DA:10,1
DA:11,1
DA:12,1
DA:13,1
DA:14,1
DA:15,1
DA:16,1
DA:17,1
DA:18,15
DA:19,15
DA:20,15
DA:21,15
DA:22,15
DA:23,15
DA:24,15
DA:25,15
DA:26,15
DA:27,15
DA:28,15
DA:29,15
DA:30,45
DA:31,45
DA:32,45
DA:33,15
DA:34,15
DA:35,15
DA:36,15
DA:37,15
LF:37
LH:37
BRDA:17,0,0,15
BRDA:24,1,0,1
BRDA:29,2,0,45
BRF:3
BRH:3
end_of_record
TN:
SF:src/components/KeyPanel.tsx
FN:15,KeyPanel
FN:26,handleCopy
FNF:2
FNH:2
FNDA:15,KeyPanel
FNDA:1,handleCopy
DA:1,1
DA:2,1
DA:3,1
DA:4,1
DA:5,1
DA:6,1
DA:7,1
DA:8,1
DA:9,1
DA:10,1
DA:11,1
DA:12,1
DA:13,1
DA:14,1
DA:15,1
DA:16,15
DA:17,10
DA:18,10
DA:19,10
DA:20,10
DA:21,10
DA:22,10
DA:23,5
DA:24,5
DA:25,5
DA:26,5
DA:27,1
DA:28,1
DA:29,5
DA:30,5
DA:31,5
DA:32,5
DA:33,5
DA:34,5
DA:35,5
DA:36,5
DA:37,5
DA:38,5
DA:39,5
DA:40,5
DA:41,5
DA:42,5
DA:43,5
DA:44,5
DA:45,5
DA:46,5
DA:47,5
DA:48,5
DA:49,5
DA:50,5
DA:51,5
LF:51
LH:51
BRDA:15,0,0,15
BRDA:16,1,0,10
BRDA:22,2,0,5
BRDA:26,3,0,1
BRF:4
BRH:4
end_of_record
TN:
SF:src/components/MatrixDisplay.tsx
FN:16,MatrixDisplay
FNF:1
FNH:1
FNDA:15,MatrixDisplay
DA:1,1
DA:2,1
DA:3,1
DA:4,1
DA:5,1
DA:6,1
DA:7,1
DA:8,1
DA:9,1
DA:10,1
DA:11,1
DA:12,1
DA:13,1
DA:14,1
DA:15,1
DA:16,1
DA:17,15
DA:18,10
DA:19,10
DA:20,10
DA:21,10
DA:22,10
DA:23,10
DA:24,5
DA:25,5
DA:26,5
DA:27,5
DA:28,5
DA:29,5
DA:30,5
DA:31,5
DA:32,5
DA:33,5
DA:34,5
DA:35,14
DA:36,42
DA:37,42
DA:38,42
DA:39,42
DA:40,42
DA:41,42
DA:42,42
DA:43,42
DA:44,42
DA:45,42
DA:46,14
DA:47,5
DA:48,5
DA:49,5
DA:50,5
DA:51,5
LF:51
LH:51
BRDA:16,0,0,15
BRDA:17,1,0,10
BRDA:23,2,0,5
BRDA:34,3,0,14
BRDA:35,4,0,42
BRDA:36,5,0,0
BRF:6
BRH:5
end_of_record
TN:
SF:src/components/MessagePanel.tsx
FN:24,MessagePanel
FNF:1
FNH:1
FNDA:16,MessagePanel
DA:1,1
DA:2,1
DA:3,1
DA:4,1
DA:5,1
DA:6,1
DA:7,1
DA:8,1
DA:9,1
DA:10,1
DA:11,1
DA:12,1
DA:13,1
DA:14,1
DA:15,1
DA:16,1
DA:17,1
DA:18,1
DA:19,1
DA:20,1
DA:21,1
DA:22,1
DA:23,1
DA:24,1
DA:25,16
DA:26,16
DA:27,16
DA:28,16
DA:29,16
DA:30,16
DA:31,16
DA:32,16
DA:33,16
DA:34,16
DA:35,16
DA:36,16
DA:37,16
DA:38,16
DA:39,16
DA:40,16
DA:41,16
DA:42,16
DA:43,3
DA:44,3
DA:45,3
DA:46,3
DA:47,3
DA:48,3
DA:49,3
DA:50,3
DA:51,3
DA:52,3
DA:53,3
DA:54,16
DA:55,16
DA:56,16
DA:57,2
DA:58,2
DA:59,2
DA:60,2
DA:61,2
DA:62,2
DA:63,2
DA:64,2
DA:65,2
DA:66,2
DA:67,2
DA:68,2
DA:69,2
DA:70,2
DA:71,16
DA:72,16
DA:73,16
DA:74,16
LF:74
LH:74
BRDA:24,0,0,16
BRDA:42,1,0,3
BRDA:56,2,0,2
BRDA:58,3,0,1
BRDA:58,4,0,1
BRDA:67,5,0,1
BRDA:67,6,0,1
BRF:7
BRH:7
end_of_record
TN:
SF:src/components/ParameterPanel.tsx
FN:12,ParameterPanel
FNF:1
FNH:1
FNDA:16,ParameterPanel
DA:1,1
DA:2,1
DA:3,1
DA:4,1
DA:5,1
DA:6,1
DA:7,1
DA:8,1
DA:9,1
DA:10,1
DA:11,1
DA:12,1
DA:13,16
DA:14,10
DA:15,10
DA:16,10
DA:17,10
DA:18,10
DA:19,10
DA:20,6
DA:21,6
DA:22,6
DA:23,6
DA:24,6
DA:25,6
DA:26,6
DA:27,6
DA:28,6
DA:29,6
DA:30,6
DA:31,6
DA:32,6
DA:33,6
DA:34,6
DA:35,6
DA:36,6
DA:37,6
DA:38,60
DA:39,60
DA:40,60
DA:41,60
DA:42,6
DA:43,6
DA:44,6
DA:45,6
DA:46,6
LF:46
LH:46
BRDA:12,0,0,16
BRDA:13,1,0,10
BRDA:19,2,0,6
BRDA:37,3,0,60
BRF:4
BRH:4
end_of_record
TN:
SF:src/components/RhoSigmaPanel.tsx
FN:48,RhoSigmaPanel
FNF:1
FNH:1
FNDA:9,RhoSigmaPanel
DA:1,1
DA:2,1
DA:3,1
DA:4,1
DA:5,1
DA:6,1
DA:7,1
DA:8,1
DA:9,1
DA:10,1
DA:11,1
DA:12,1
DA:13,1
DA:14,1
DA:15,1
DA:16,1
DA:17,1
DA:18,1
DA:19,1
DA:20,1
DA:21,1
DA:22,1
DA:23,1
DA:24,1
DA:25,1
DA:26,1
DA:27,1
DA:28,1
DA:29,1
DA:30,1
DA:31,1
DA:32,1
DA:33,1
DA:34,1
DA:35,1
DA:36,1
DA:37,1
DA:38,1
DA:39,1
DA:40,1
DA:41,1
DA:42,1
DA:43,1
DA:44,1
DA:45,1
DA:46,1
DA:47,1
DA:48,1
DA:49,9
DA:50,9
DA:51,9
DA:52,9
DA:53,9
DA:54,9
DA:55,9
DA:56,0
DA:57,0
DA:58,0
DA:59,0
DA:60,0
DA:61,0
DA:62,0
DA:63,0
DA:64,0
DA:65,0
DA:66,0
DA:67,0
DA:68,0
DA:69,0
DA:70,0
DA:71,0
DA:72,0
DA:73,0
DA:74,0
DA:75,0
DA:76,0
DA:77,0
DA:78,0
DA:79,0
LF:79
LH:55
BRDA:48,0,0,9
BRDA:55,1,0,0
BRF:2
BRH:1
end_of_record
TN:
SF:src/components/StepButton.tsx
FN:16,StepButton
FNF:1
FNH:1
FNDA:52,StepButton
DA:1,1
DA:2,1
DA:3,1
DA:4,1
DA:5,1
DA:6,1
DA:7,1
DA:8,1
DA:9,1
DA:10,1
DA:11,1
DA:12,1
DA:13,1
DA:14,1
DA:15,1
DA:16,1
DA:17,52
DA:18,52
DA:19,52
DA:20,52
DA:21,52
DA:22,52
DA:23,52
DA:24,52
DA:25,52
DA:26,52
DA:27,52
DA:28,52
DA:29,51
DA:30,52
DA:31,52
DA:32,52
DA:33,52
DA:34,52
DA:35,52
DA:36,52
DA:37,52
DA:38,52
DA:39,52
DA:40,52
DA:41,52
DA:42,52
DA:43,52
DA:44,52
DA:45,52
DA:46,52
DA:47,52
DA:48,52
DA:49,52
DA:50,52
DA:51,52
DA:52,52
LF:52
LH:52
BRDA:16,0,0,52
BRDA:28,1,0,1
BRDA:28,2,0,51
BRDA:29,3,0,14
BRDA:36,4,0,1
BRDA:36,5,0,51
BRDA:37,6,0,14
BRDA:37,7,0,38
BRDA:40,8,0,6
BRDA:40,9,0,2
BRF:10
BRH:10
end_of_record
TN:
SF:src/components/VectorDisplay.tsx
FN:16,PolyRow
FN:33,VectorDisplay
FNF:2
FNH:2
FNDA:22,PolyRow
FNDA:15,VectorDisplay
DA:1,1
DA:2,1
DA:3,1
DA:4,1
DA:5,1
DA:6,1
DA:7,1
DA:8,1
DA:9,1
DA:10,1
DA:11,1
DA:12,1
DA:13,1
DA:14,1
DA:15,1
DA:16,22
DA:17,22
DA:18,22
DA:19,22
DA:20,22
DA:21,22
DA:22,22
DA:23,22
DA:24,22
DA:25,22
DA:26,22
DA:27,1
DA:28,1
DA:29,1
DA:30,1
DA:31,1
DA:32,1
DA:33,1
DA:34,15
DA:35,10
DA:36,10
DA:37,10
DA:38,10
DA:39,10
DA:40,10
DA:41,5
DA:42,5
DA:43,5
DA:44,5
DA:45,5
DA:46,5
DA:47,5
DA:48,10
DA:49,5
DA:50,5
DA:51,5
DA:52,5
DA:53,5
DA:54,10
DA:55,5
DA:56,5
DA:57,5
DA:58,5
DA:59,1
DA:60,1
DA:61,2
DA:62,1
DA:63,1
DA:64,15
DA:65,15
DA:66,15
DA:67,15
LF:67
LH:67
BRDA:16,0,0,22
BRDA:33,1,0,15
BRDA:34,2,0,10
BRDA:40,3,0,6
BRDA:40,4,0,5
BRDA:58,5,0,1
BRDA:47,6,0,10
BRDA:48,7,0,0
BRDA:53,8,0,10
BRDA:54,9,0,0
BRDA:60,10,0,2
BRDA:61,11,0,0
BRF:12
BRH:9
end_of_record
TN:
SF:src/hooks/useWebSocket.ts
FN:38,useWebSocket
FN:140,ws.onopen
FN:145,ws.onmessage
FN:155,ws.onclose
FN:162,ws.onerror
FNF:5
FNH:5
FNDA:61,useWebSocket
FNDA:17,ws.onopen
FNDA:11,ws.onmessage
FNDA:1,ws.onclose
FNDA:1,ws.onerror
DA:1,1
DA:2,1
DA:3,1
DA:4,1
DA:5,1
DA:6,1
DA:7,1
DA:8,1
DA:9,1
DA:10,1
DA:11,1
DA:12,1
DA:13,1
DA:14,1
DA:15,1
DA:16,1
DA:17,1
DA:18,1
DA:19,1
DA:20,1
DA:21,1
DA:22,1
DA:23,1
DA:24,1
DA:25,1
DA:26,1
DA:27,1
DA:28,1
DA:29,1
DA:30,1
DA:31,1
DA:32,1
DA:33,1
DA:34,1
DA:35,1
DA:36,1
DA:37,1
DA:38,1
DA:39,61
DA:40,61
DA:41,61
DA:42,61
DA:43,61
DA:44,61
DA:45,61
DA:46,61
DA:47,61
DA:48,31
DA:49,31
DA:50,31
DA:51,31
DA:52,31
DA:53,31
DA:54,31
DA:55,61
DA:56,61
DA:57,61
DA:58,61
DA:59,61
DA:60,11
DA:61,11
DA:62,11
DA:63,11
DA:64,11
DA:65,1
DA:66,1
DA:67,1
DA:68,1
DA:69,11
DA:70,11
DA:71,1
DA:72,1
DA:73,1
DA:74,11
DA:75,11
DA:76,2
DA:77,2
DA:78,2
DA:79,11
DA:80,11
DA:81,1
DA:82,1
DA:83,1
DA:84,11
DA:85,11
DA:86,1
DA:87,1
DA:88,1
DA:89,11
DA:90,11
DA:91,1
DA:92,1
DA:93,1
DA:94,11
DA:95,11
DA:96,1
DA:97,1
DA:98,11
DA:99,11
DA:100,1
DA:101,1
DA:102,1
DA:103,11
DA:104,11
DA:105,1
DA:106,1
DA:107,1
DA:108,11
DA:109,11
DA:110,0
DA:111,0
DA:112,11
DA:113,11
DA:114,11
DA:115,11
DA:116,11
DA:117,11
DA:118,61
DA:119,61
DA:120,61
DA:121,61
DA:122,61
DA:123,3
DA:124,1
DA:125,1
DA:126,2
DA:127,2
DA:128,2
DA:129,61
DA:130,61
DA:131,61
DA:132,61
DA:133,61
DA:134,28
DA:135,28
DA:136,28
DA:137,28
DA:138,28
DA:139,28
DA:140,28
DA:141,17
DA:142,17
DA:143,17
DA:144,28
DA:145,28
DA:146,11
DA:147,11
DA:148,11
DA:149,11
DA:150,11
DA:151,0
DA:152,0
DA:153,11
DA:154,28
DA:155,28
DA:156,1
DA:157,1
DA:158,1
DA:159,1
DA:160,1
DA:161,28
DA:162,28
DA:163,1
DA:164,1
DA:165,1
DA:166,28
DA:167,0
DA:168,0
DA:169,61
DA:170,61
DA:171,61
DA:172,29
DA:173,1
DA:174,1
DA:175,1
DA:176,29
DA:177,29
DA:178,29
DA:179,61
DA:180,61
DA:181,61
DA:182,2
DA:183,61
DA:184,61
DA:185,61
DA:186,61
DA:187,61
DA:188,28
DA:189,28
DA:190,61
DA:191,61
DA:192,61
DA:193,61
LF:193
LH:187
BRDA:18,0,0,0
BRDA:38,1,0,61
BRDA:47,2,0,31
BRDA:48,3,0,31
BRDA:59,4,0,11
BRDA:60,5,0,11
BRDA:64,6,0,1
BRDA:70,7,0,1
BRDA:75,8,0,2
BRDA:80,9,0,1
BRDA:85,10,0,1
BRDA:90,11,0,1
BRDA:95,12,0,1
BRDA:99,13,0,1
BRDA:104,14,0,1
BRDA:109,15,0,0
BRDA:122,16,0,3
BRDA:123,17,0,2
BRDA:123,18,0,1
BRDA:133,19,0,28
BRDA:134,20,0,0
BRDA:166,21,0,0
BRDA:140,22,0,17
BRDA:145,23,0,11
BRDA:150,24,0,0
BRDA:155,25,0,1
BRDA:162,26,0,1
BRDA:171,27,0,29
BRDA:172,28,0,1
BRDA:176,29,0,27
BRDA:181,30,0,2
BRDA:187,31,0,28
BRF:32
BRH:27
end_of_record
TN:
SF:src/tests/setup.ts
FN:1,(empty-report)
FNF:1
FNH:0
FNDA:0,(empty-report)
DA:1,0
DA:2,0
DA:3,0
DA:4,0
DA:5,0
DA:6,0
DA:7,0
LF:7
LH:0
BRDA:1,0,0,0
BRF:1
BRH:0
end_of_record
TN:
SF:src/types/protocol.ts
FNF:0
FNH:0
DA:1,1
DA:2,1
DA:3,1
DA:4,1
DA:5,1
DA:6,1
DA:7,1
DA:8,1
DA:9,1
DA:10,1
DA:11,1
DA:12,1
DA:13,1
DA:14,1
DA:15,1
DA:16,1
DA:17,1
DA:18,1
DA:19,1
DA:20,1
DA:21,1
DA:22,1
DA:23,1
DA:24,1
DA:25,1
DA:26,1
DA:27,1
DA:28,1
DA:29,1
DA:30,1
DA:31,1
DA:32,1
DA:33,1
DA:34,1
DA:35,1
DA:36,1
DA:37,1
DA:38,1
DA:39,1
DA:40,1
DA:41,1
DA:42,1
DA:43,1
DA:44,1
DA:45,1
DA:46,1
DA:47,1
DA:48,1
DA:49,1
DA:50,1
DA:51,1
DA:52,1
DA:53,1
DA:54,1
DA:55,1
DA:56,1
DA:57,1
DA:58,1
DA:59,1
DA:60,1
DA:61,1
DA:62,1
DA:63,1
DA:64,1
DA:65,1
DA:66,1
DA:67,1
DA:68,1
DA:69,1
DA:70,1
DA:71,1
DA:72,1
DA:73,1
DA:74,1
DA:75,1
DA:76,1
DA:77,1
DA:78,1
DA:79,1
DA:80,1
DA:81,1
DA:82,1
DA:83,1
DA:84,1
DA:85,1
DA:86,1
DA:87,1
DA:88,1
DA:89,1
DA:90,1
DA:91,1
DA:92,1
DA:93,1
DA:94,1
DA:95,1
DA:96,1
DA:97,1
DA:98,1
DA:99,1
DA:100,1
DA:101,1
DA:102,1
DA:103,1
DA:104,1
DA:105,1
DA:106,1
DA:107,1
DA:108,1
DA:109,1
DA:110,1
DA:111,1
DA:112,1
DA:113,1
DA:114,1
DA:115,1
DA:116,1
DA:117,1
DA:118,1
DA:119,1
DA:120,1
DA:121,1
DA:122,1
DA:123,1
DA:124,1
DA:125,1
DA:126,1
DA:127,1
DA:128,1
DA:129,1
DA:130,1
DA:131,1
DA:132,1
DA:133,1
DA:134,1
DA:135,1
DA:136,1
DA:137,1
DA:138,1
DA:139,1
DA:140,1
DA:141,1
LF:141
LH:141
BRF:0
BRH:0
end_of_record
