mode: set
github.com/muhammadalihussnain/mlkem-webapp/mlkem/hash.go:8.41,11.2 2 1
github.com/muhammadalihussnain/mlkem-webapp/mlkem/hash.go:14.40,26.2 9 1
github.com/muhammadalihussnain/mlkem-webapp/mlkem/hash.go:29.39,40.2 8 1
github.com/muhammadalihussnain/mlkem-webapp/mlkem/hash.go:43.38,49.2 5 1
github.com/muhammadalihussnain/mlkem-webapp/mlkem/params.go:20.48,21.16 1 1
github.com/muhammadalihussnain/mlkem-webapp/mlkem/params.go:23.13,38.9 1 1
github.com/muhammadalihussnain/mlkem-webapp/mlkem/params.go:40.13,55.9 1 1
github.com/muhammadalihussnain/mlkem-webapp/mlkem/params.go:57.14,72.9 1 1
github.com/muhammadalihussnain/mlkem-webapp/mlkem/params.go:74.10,75.62 1 1
