mode: set
ntt_verification/mlkem/cbd.go:39.42,43.25 3 1
ntt_verification/mlkem/cbd.go:43.25,47.28 3 1
ntt_verification/mlkem/cbd.go:47.28,50.4 2 1
ntt_verification/mlkem/cbd.go:52.3,53.15 2 1
ntt_verification/mlkem/cbd.go:53.15,55.4 1 1
ntt_verification/mlkem/cbd.go:56.3,56.17 1 1
ntt_verification/mlkem/cbd.go:58.2,58.13 1 1
ntt_verification/mlkem/cbd.go:63.41,65.2 1 1
ntt_verification/mlkem/cbd.go:82.40,86.82 3 1
ntt_verification/mlkem/cbd.go:86.82,94.20 6 1
ntt_verification/mlkem/cbd.go:94.20,97.4 2 1
ntt_verification/mlkem/cbd.go:98.3,98.33 1 1
ntt_verification/mlkem/cbd.go:98.33,101.4 2 1
ntt_verification/mlkem/cbd.go:103.2,103.13 1 1
ntt_verification/mlkem/common.go:84.35,87.12 3 1
ntt_verification/mlkem/common.go:87.12,89.3 1 1
ntt_verification/mlkem/common.go:90.2,90.11 1 1
ntt_verification/mlkem/common.go:90.11,92.3 1 1
ntt_verification/mlkem/common.go:93.2,93.10 1 1
ntt_verification/mlkem/common.go:97.38,99.2 1 1
ntt_verification/mlkem/compress.go:8.37,12.2 2 1
ntt_verification/mlkem/compress.go:19.39,22.2 1 1
ntt_verification/mlkem/compress.go:25.50,27.25 2 1
ntt_verification/mlkem/compress.go:27.25,29.3 1 1
ntt_verification/mlkem/compress.go:30.2,30.12 1 1
ntt_verification/mlkem/compress.go:34.52,36.25 2 1
ntt_verification/mlkem/compress.go:36.25,38.3 1 1
ntt_verification/mlkem/compress.go:39.2,39.12 1 1
ntt_verification/mlkem/compress.go:43.83,45.25 2 1
ntt_verification/mlkem/compress.go:45.25,47.3 1 1
ntt_verification/mlkem/compress.go:48.2,48.12 1 1
ntt_verification/mlkem/compress.go:52.85,54.25 2 1
ntt_verification/mlkem/compress.go:54.25,56.3 1 1
ntt_verification/mlkem/compress.go:57.2,57.12 1 1
ntt_verification/mlkem/compress.go:62.46,65.25 3 1
ntt_verification/mlkem/compress.go:65.25,66.26 1 1
ntt_verification/mlkem/compress.go:66.26,67.21 1 1
ntt_verification/mlkem/compress.go:67.21,69.5 1 1
ntt_verification/mlkem/compress.go:70.4,70.12 1 1
ntt_verification/mlkem/compress.go:73.2,73.12 1 1
ntt_verification/mlkem/compress.go:77.46,80.22 3 1
ntt_verification/mlkem/compress.go:80.22,82.26 2 1
ntt_verification/mlkem/compress.go:82.26,86.4 3 1
ntt_verification/mlkem/compress.go:87.3,87.16 1 1
ntt_verification/mlkem/compress.go:89.2,89.13 1 1
ntt_verification/mlkem/compress.go:93.75,95.25 2 1
ntt_verification/mlkem/compress.go:95.25,97.3 1 1
ntt_verification/mlkem/compress.go:98.2,98.12 1 1
ntt_verification/mlkem/compress.go:102.76,105.25 3 1
ntt_verification/mlkem/compress.go:105.25,107.3 1 1
ntt_verification/mlkem/compress.go:108.2,108.12 1 1
ntt_verification/mlkem/decaps.go:20.69,22.27 2 1
ntt_verification/mlkem/decaps.go:22.27,24.3 1 1
ntt_verification/mlkem/decaps.go:26.2,28.26 3 1
ntt_verification/mlkem/decaps.go:28.26,30.3 1 1
ntt_verification/mlkem/decaps.go:33.2,46.32 8 1
ntt_verification/mlkem/decaps.go:46.32,49.3 2 1
ntt_verification/mlkem/decaps.go:52.2,53.32 2 1
ntt_verification/mlkem/decaps.go:53.32,55.32 2 1
ntt_verification/mlkem/decaps.go:55.32,57.4 1 1
ntt_verification/mlkem/decaps.go:59.2,67.16 5 1
ntt_verification/mlkem/encaps.go:50.68,52.27 2 1
ntt_verification/mlkem/encaps.go:52.27,54.3 1 1
ntt_verification/mlkem/encaps.go:57.2,67.40 6 1
ntt_verification/mlkem/encaps.go:67.40,69.3 1 0
ntt_verification/mlkem/encaps.go:73.2,77.32 3 1
ntt_verification/mlkem/encaps.go:77.32,80.3 2 1
ntt_verification/mlkem/encaps.go:81.2,81.32 1 1
ntt_verification/mlkem/encaps.go:81.32,84.3 2 1
ntt_verification/mlkem/encaps.go:85.2,90.32 4 1
ntt_verification/mlkem/encaps.go:90.32,92.3 1 1
ntt_verification/mlkem/encaps.go:96.2,97.32 2 1
ntt_verification/mlkem/encaps.go:97.32,98.33 1 1
ntt_verification/mlkem/encaps.go:98.33,100.33 2 1
ntt_verification/mlkem/encaps.go:100.33,102.5 1 1
ntt_verification/mlkem/encaps.go:105.2,106.32 2 1
ntt_verification/mlkem/encaps.go:106.32,108.3 1 1
ntt_verification/mlkem/encaps.go:111.2,112.32 2 1
ntt_verification/mlkem/encaps.go:112.32,114.32 2 1
ntt_verification/mlkem/encaps.go:114.32,116.4 1 1
ntt_verification/mlkem/encaps.go:120.2,121.32 2 1
ntt_verification/mlkem/encaps.go:121.32,123.3 1 1
ntt_verification/mlkem/encaps.go:124.2,125.32 2 1
ntt_verification/mlkem/encaps.go:125.32,127.32 2 1
ntt_verification/mlkem/encaps.go:127.32,129.4 1 1
ntt_verification/mlkem/encaps.go:131.2,153.8 8 1
ntt_verification/mlkem/encaps.go:157.63,159.25 2 1
ntt_verification/mlkem/encaps.go:159.25,161.3 1 1
ntt_verification/mlkem/encaps.go:162.2,162.12 1 1
ntt_verification/mlkem/encaps.go:167.35,169.25 2 1
ntt_verification/mlkem/encaps.go:169.25,173.3 2 1
ntt_verification/mlkem/encaps.go:174.2,174.13 1 1
ntt_verification/mlkem/encaps.go:179.38,181.25 2 1
ntt_verification/mlkem/encaps.go:181.25,184.3 2 1
ntt_verification/mlkem/encaps.go:185.2,185.10 1 1
ntt_verification/mlkem/encaps.go:189.32,193.2 3 1
ntt_verification/mlkem/encaps.go:196.46,200.2 3 1
ntt_verification/mlkem/encaps.go:204.42,206.2 1 1
ntt_verification/mlkem/hash.go:8.41,11.2 2 1
ntt_verification/mlkem/hash.go:14.40,26.2 9 1
ntt_verification/mlkem/hash.go:29.39,40.2 8 1
ntt_verification/mlkem/hash.go:43.38,49.2 5 1
ntt_verification/mlkem/keygen.go:62.65,63.26 1 1
ntt_verification/mlkem/keygen.go:63.26,65.3 1 1
ntt_verification/mlkem/keygen.go:68.2,78.32 5 1
ntt_verification/mlkem/keygen.go:78.32,80.3 1 1
ntt_verification/mlkem/keygen.go:84.2,86.32 3 1
ntt_verification/mlkem/keygen.go:86.32,89.3 2 1
ntt_verification/mlkem/keygen.go:92.2,108.8 4 1
ntt_verification/mlkem/keygen.go:113.115,115.25 2 1
ntt_verification/mlkem/keygen.go:115.25,116.26 1 1
ntt_verification/mlkem/keygen.go:116.26,120.33 2 1
ntt_verification/mlkem/keygen.go:120.33,122.5 1 1
ntt_verification/mlkem/keygen.go:125.2,125.15 1 1
ntt_verification/mlkem/keygen.go:130.46,132.31 2 1
ntt_verification/mlkem/keygen.go:132.31,134.15 2 1
ntt_verification/mlkem/keygen.go:134.15,136.4 1 1
ntt_verification/mlkem/keygen.go:137.3,140.52 4 1
ntt_verification/mlkem/keygen.go:142.2,142.10 1 1
ntt_verification/mlkem/keygen.go:147.62,149.25 2 1
ntt_verification/mlkem/keygen.go:149.25,151.3 1 1
ntt_verification/mlkem/keygen.go:152.2,152.12 1 1
ntt_verification/mlkem/keygen.go:157.32,159.2 1 1
ntt_verification/mlkem/keygen.go:167.78,169.25 2 1
ntt_verification/mlkem/keygen.go:169.25,170.26 1 1
ntt_verification/mlkem/keygen.go:170.26,173.4 2 1
ntt_verification/mlkem/keygen.go:175.2,175.10 1 1
ntt_verification/mlkem/keygen.go:186.92,187.25 1 1
ntt_verification/mlkem/keygen.go:187.25,190.3 2 1
ntt_verification/mlkem/keygen.go:191.2,191.25 1 1
ntt_verification/mlkem/keygen.go:191.25,194.3 2 1
ntt_verification/mlkem/keygen.go:195.2,195.13 1 1
ntt_verification/mlkem/keygen.go:201.59,208.2 6 1
ntt_verification/mlkem/keygen.go:211.53,218.2 6 1
ntt_verification/mlkem/ntt.go:41.41,44.51 3 1
ntt_verification/mlkem/ntt.go:44.51,45.50 1 1
ntt_verification/mlkem/ntt.go:45.50,48.42 3 1
ntt_verification/mlkem/ntt.go:48.42,52.5 3 1
ntt_verification/mlkem/ntt.go:55.2,55.10 1 1
ntt_verification/mlkem/ntt.go:61.41,64.51 3 1
ntt_verification/mlkem/ntt.go:64.51,65.50 1 1
ntt_verification/mlkem/ntt.go:65.50,68.42 3 1
ntt_verification/mlkem/ntt.go:68.42,72.5 3 1
ntt_verification/mlkem/ntt.go:75.2,75.19 1 1
ntt_verification/mlkem/ntt.go:75.19,77.3 1 1
ntt_verification/mlkem/ntt.go:78.2,78.10 1 1
ntt_verification/mlkem/ntt.go:91.50,93.31 2 1
ntt_verification/mlkem/ntt.go:93.31,98.3 4 1
ntt_verification/mlkem/ntt.go:99.2,99.10 1 1
ntt_verification/mlkem/ntt.go:109.38,114.31 4 1
ntt_verification/mlkem/ntt.go:114.31,116.15 2 1
ntt_verification/mlkem/ntt.go:116.15,119.4 1 1
ntt_verification/mlkem/ntt.go:120.3,123.55 4 1
ntt_verification/mlkem/ntt.go:126.2,126.25 1 1
ntt_verification/mlkem/ntt.go:131.31,133.12 2 1
ntt_verification/mlkem/ntt.go:133.12,135.3 1 1
ntt_verification/mlkem/ntt.go:136.2,136.10 1 1
ntt_verification/mlkem/ntt.go:141.31,143.11 2 1
ntt_verification/mlkem/ntt.go:143.11,145.3 1 1
ntt_verification/mlkem/ntt.go:146.2,146.10 1 1
ntt_verification/mlkem/ntt.go:150.31,152.2 1 1
ntt_verification/mlkem/params.go:34.48,35.16 1 1
ntt_verification/mlkem/params.go:36.17,42.9 1 1
ntt_verification/mlkem/params.go:44.17,50.9 1 1
ntt_verification/mlkem/params.go:52.18,58.9 1 1
ntt_verification/mlkem/params.go:60.10,62.45 1 1
ntt_verification/mlkem/poly.go:20.38,22.24 2 1
ntt_verification/mlkem/poly.go:22.24,24.3 1 1
ntt_verification/mlkem/poly.go:25.2,25.15 1 1
ntt_verification/mlkem/poly.go:29.38,31.24 2 1
ntt_verification/mlkem/poly.go:31.24,33.3 1 1
ntt_verification/mlkem/poly.go:34.2,34.15 1 1
ntt_verification/mlkem/poly.go:41.68,43.25 2 1
ntt_verification/mlkem/poly.go:43.25,44.26 1 1
ntt_verification/mlkem/poly.go:44.26,46.27 2 1
ntt_verification/mlkem/poly.go:46.27,48.5 1 1
ntt_verification/mlkem/poly.go:51.2,51.15 1 1
ntt_verification/mlkem/poly.go:60.40,62.28 2 1
ntt_verification/mlkem/poly.go:62.28,69.3 6 1
ntt_verification/mlkem/poly.go:70.2,70.12 1 1
ntt_verification/mlkem/poly.go:74.40,76.28 2 1
ntt_verification/mlkem/poly.go:76.28,80.3 3 1
ntt_verification/mlkem/poly.go:81.2,81.13 1 1
ntt_verification/ws/handler.go:36.42,36.57 1 1
ntt_verification/ws/handler.go:51.41,52.54 1 1
ntt_verification/ws/handler.go:52.54,54.17 2 1
ntt_verification/ws/handler.go:54.17,57.4 2 0
ntt_verification/ws/handler.go:59.3,65.25 5 1
ntt_verification/ws/handler.go:71.51,72.15 1 1
ntt_verification/ws/handler.go:72.15,75.3 2 1
ntt_verification/ws/handler.go:77.2,78.43 2 1
ntt_verification/ws/handler.go:78.43,81.3 2 0
ntt_verification/ws/handler.go:83.2,83.6 1 1
ntt_verification/ws/handler.go:83.6,85.17 2 1
ntt_verification/ws/handler.go:85.17,86.103 1 1
ntt_verification/ws/handler.go:86.103,88.5 1 1
ntt_verification/ws/handler.go:89.4,89.10 1 1
ntt_verification/ws/handler.go:92.3,93.51 2 1
ntt_verification/ws/handler.go:93.51,95.12 2 1
ntt_verification/ws/handler.go:98.3,98.58 1 1
ntt_verification/ws/handler.go:98.58,100.4 1 1
ntt_verification/ws/handler.go:106.27,108.15 2 1
ntt_verification/ws/handler.go:108.15,111.3 2 1
ntt_verification/ws/handler.go:113.2,113.6 1 1
ntt_verification/ws/handler.go:113.6,114.10 1 1
ntt_verification/ws/handler.go:115.28,117.11 2 1
ntt_verification/ws/handler.go:117.11,120.5 2 1
ntt_verification/ws/handler.go:121.4,121.74 1 1
ntt_verification/ws/handler.go:121.74,124.5 2 0
ntt_verification/ws/handler.go:126.19,128.74 2 0
ntt_verification/ws/handler.go:128.74,130.5 1 0
ntt_verification/ws/handler.go:138.89,139.18 1 1
ntt_verification/ws/handler.go:140.30,141.54 1 1
ntt_verification/ws/handler.go:142.26,143.48 1 1
ntt_verification/ws/handler.go:144.29,145.38 1 1
ntt_verification/ws/handler.go:146.23,147.32 1 0
ntt_verification/ws/handler.go:148.10,149.13 1 1
ntt_verification/ws/handler.go:154.82,156.16 2 1
ntt_verification/ws/handler.go:156.16,158.3 1 1
ntt_verification/ws/handler.go:159.2,178.12 4 1
ntt_verification/ws/handler.go:182.76,183.24 1 1
ntt_verification/ws/handler.go:183.24,185.3 1 1
ntt_verification/ws/handler.go:187.2,187.14 1 1
ntt_verification/ws/handler.go:188.35,189.41 1 1
ntt_verification/ws/handler.go:190.34,191.40 1 1
ntt_verification/ws/handler.go:192.34,193.40 1 1
ntt_verification/ws/handler.go:194.27,195.33 1 1
ntt_verification/ws/handler.go:196.32,197.38 1 1
ntt_verification/ws/handler.go:198.10,199.13 1 1
ntt_verification/ws/handler.go:205.58,207.43 2 1
ntt_verification/ws/handler.go:207.43,209.3 1 0
ntt_verification/ws/handler.go:211.2,228.12 4 1
ntt_verification/ws/handler.go:232.57,233.24 1 1
ntt_verification/ws/handler.go:233.24,235.3 1 1
ntt_verification/ws/handler.go:237.2,241.27 4 1
ntt_verification/ws/handler.go:241.27,242.31 1 1
ntt_verification/ws/handler.go:242.31,246.4 3 1
ntt_verification/ws/handler.go:249.2,253.12 2 1
ntt_verification/ws/handler.go:257.57,258.24 1 1
ntt_verification/ws/handler.go:258.24,260.3 1 1
ntt_verification/ws/handler.go:262.2,273.37 5 1
ntt_verification/ws/handler.go:273.37,280.3 6 1
ntt_verification/ws/handler.go:282.2,286.12 2 1
ntt_verification/ws/handler.go:290.50,291.24 1 1
ntt_verification/ws/handler.go:291.24,293.3 1 1
ntt_verification/ws/handler.go:296.2,297.37 2 1
ntt_verification/ws/handler.go:297.37,299.3 1 1
ntt_verification/ws/handler.go:301.2,303.37 3 1
ntt_verification/ws/handler.go:303.37,306.3 2 1
ntt_verification/ws/handler.go:307.2,310.37 3 1
ntt_verification/ws/handler.go:310.37,314.3 3 1
ntt_verification/ws/handler.go:316.2,320.12 2 1
ntt_verification/ws/handler.go:324.55,325.24 1 1
ntt_verification/ws/handler.go:325.24,327.3 1 1
ntt_verification/ws/handler.go:329.2,350.12 8 1
ntt_verification/ws/handler.go:358.55,359.59 1 1
ntt_verification/ws/handler.go:359.59,361.3 1 1
ntt_verification/ws/handler.go:363.2,364.16 2 1
ntt_verification/ws/handler.go:364.16,366.3 1 0
ntt_verification/ws/handler.go:368.2,379.16 3 1
ntt_verification/ws/handler.go:379.16,381.3 1 0
ntt_verification/ws/handler.go:383.2,390.12 2 1
ntt_verification/ws/handler.go:395.49,403.2 4 0
ntt_verification/ws/handler.go:406.39,411.9 2 1
ntt_verification/ws/handler.go:412.22,412.22 0 1
ntt_verification/ws/handler.go:413.10,413.10 0 0
ntt_verification/ws/handler.go:419.40,421.16 2 1
ntt_verification/ws/handler.go:421.16,422.57 1 0
ntt_verification/ws/handler.go:424.2,424.10 1 1
ntt_verification/ws/handler.go:428.31,430.2 1 1
ntt_verification/ws/handler.go:434.34,434.50 1 1
ntt_verification/ws/hub.go:25.20,29.2 1 1
ntt_verification/ws/hub.go:32.35,36.2 3 1
ntt_verification/ws/hub.go:39.37,42.31 3 1
ntt_verification/ws/hub.go:42.31,45.3 2 1
ntt_verification/ws/hub.go:50.37,53.27 3 1
ntt_verification/ws/hub.go:53.27,54.10 1 1
ntt_verification/ws/hub.go:55.22,55.22 0 1
ntt_verification/ws/hub.go:56.11,56.11 0 1
ntt_verification/ws/hub.go:63.33,67.2 3 1
